2026-02-07 02:14:00,844 - INFO - Device: cuda
2026-02-07 02:14:00,883 - INFO - GPU: Tesla T4
2026-02-07 02:14:00,884 - INFO - VRAM: 15.6 GB
2026-02-07 02:14:00,885 - INFO - Loading tokenized datasets...
2026-02-07 02:14:01,408 - INFO - Train: 189,156 | Val: 23,644 | Test: 23,645
2026-02-07 02:14:01,408 - INFO - Categories: 8 | Severities: 3
2026-02-07 02:14:26,206 - INFO - Total parameters: 124,943,371
2026-02-07 02:14:26,207 - INFO - Trainable parameters: 124,943,371
2026-02-07 02:14:26,538 - INFO - --- Config: config_1 | LR=1e-05, BS=32, Epochs=3, FP16=True ---
2026-02-07 02:14:26,539 - INFO - Starting training: config_1
2026-02-07 02:57:19,043 - INFO - Epoch 1/3 (42.9min) | TrLoss: 1.0532 | VLoss: 0.5830 | VCatF1: 0.8833 | VSevF1: 0.8471 | Combined: 0.8652
2026-02-07 02:57:19,666 - INFO -   ★ New best saved (Combined F1: 0.8652)
2026-02-07 03:40:21,854 - INFO - Epoch 2/3 (43.0min) | TrLoss: 0.5664 | VLoss: 0.5197 | VCatF1: 0.8939 | VSevF1: 0.8605 | Combined: 0.8772
2026-02-07 03:40:22,868 - INFO -   ★ New best saved (Combined F1: 0.8772)
2026-02-07 04:23:26,711 - INFO - Epoch 3/3 (43.1min) | TrLoss: 0.4973 | VLoss: 0.5092 | VCatF1: 0.9001 | VSevF1: 0.8684 | Combined: 0.8843
2026-02-07 04:23:27,727 - INFO -   ★ New best saved (Combined F1: 0.8843)
2026-02-07 04:23:27,735 - INFO - config_1 → Best Combined F1: 0.8843 | Time: 129.0min
2026-02-07 04:23:28,321 - INFO - --- Config: config_2 | LR=2e-05, BS=64, Epochs=2, FP16=True ---
2026-02-07 04:23:28,322 - INFO - Starting training: config_2
2026-02-07 05:03:00,324 - INFO - Epoch 1/2 (39.5min) | TrLoss: 1.0041 | VLoss: 0.5583 | VCatF1: 0.8382 | VSevF1: 0.8454 | Combined: 0.8418
2026-02-07 05:03:00,980 - INFO -   ★ New best saved (Combined F1: 0.8418)
2026-02-07 05:42:30,520 - INFO - Epoch 2/2 (39.5min) | TrLoss: 0.5455 | VLoss: 0.5108 | VCatF1: 0.8946 | VSevF1: 0.8627 | Combined: 0.8786
2026-02-07 05:42:31,540 - INFO -   ★ New best saved (Combined F1: 0.8786)
2026-02-07 05:42:31,550 - INFO - config_2 → Best Combined F1: 0.8786 | Time: 79.0min
2026-02-07 05:42:32,144 - INFO - --- Config: config_3 | LR=5e-05, BS=64, Epochs=2, FP16=True ---
2026-02-07 05:42:32,144 - INFO - Starting training: config_3
2026-02-07 06:22:03,987 - INFO - Epoch 1/2 (39.5min) | TrLoss: 0.8959 | VLoss: 0.5477 | VCatF1: 0.8663 | VSevF1: 0.8536 | Combined: 0.8599
2026-02-07 06:22:04,633 - INFO -   ★ New best saved (Combined F1: 0.8599)
2026-02-07 07:01:33,141 - INFO - Epoch 2/2 (39.5min) | TrLoss: 0.5221 | VLoss: 0.4942 | VCatF1: 0.9005 | VSevF1: 0.8651 | Combined: 0.8828
2026-02-07 07:01:34,190 - INFO -   ★ New best saved (Combined F1: 0.8828)
2026-02-07 07:01:34,198 - INFO - config_3 → Best Combined F1: 0.8828 | Time: 79.0min
2026-02-07 07:01:37,546 - INFO - --- Config: baseline | LR=1e-05, BS=64, Epochs=1, FP16=True ---
